<?xml version="1.0" encoding="UTF-8"?>
<testng-results ignored="0" total="5" passed="5" failed="0" skipped="0">
  <reporter-output>
  </reporter-output>
  <suite started-at="2022-11-18T06:13:38 IST" name="SauceLab" finished-at="2022-11-18T06:15:21 IST" duration-ms="102797">
    <groups>
      <group name="ErrorValidations">
        <method signature="SL_ErrorValidations.SL_Password_Missing()[pri:0, instance:product.SL_ErrorValidations@55493582]" name="SL_Password_Missing" class="product.SL_ErrorValidations"/>
        <method signature="SL_ErrorValidations.SL_Username_MIssing()[pri:0, instance:product.SL_ErrorValidations@55493582]" name="SL_Username_MIssing" class="product.SL_ErrorValidations"/>
        <method signature="SL_ErrorValidations.SL_Wrong_Credentials()[pri:0, instance:product.SL_ErrorValidations@55493582]" name="SL_Wrong_Credentials" class="product.SL_ErrorValidations"/>
      </group> <!-- ErrorValidations -->
    </groups>
    <test started-at="2022-11-18T06:13:38 IST" name="PurchaseOrderTest" finished-at="2022-11-18T06:13:49 IST" duration-ms="10941">
      <class name="product.SauceLabs">
        <test-method signature="PurchaseOrder()[pri:0, instance:product.SauceLabs@1458ed9c]" started-at="2022-11-18T06:13:38 IST" name="PurchaseOrder" finished-at="2022-11-18T06:13:49 IST" duration-ms="10817" status="PASS">
          <reporter-output>
          </reporter-output>
        </test-method> <!-- PurchaseOrder -->
      </class> <!-- product.SauceLabs -->
    </test> <!-- PurchaseOrderTest -->
    <test started-at="2022-11-18T06:13:50 IST" name="CredentialsVerificationTest" finished-at="2022-11-18T06:14:56 IST" duration-ms="66039">
      <class name="product.SL_Credentials_Verification">
        <test-method signature="SL_Users()[pri:0, instance:product.SL_Credentials_Verification@554e218]" started-at="2022-11-18T06:13:50 IST" name="SL_Users" finished-at="2022-11-18T06:14:56 IST" duration-ms="66036" status="PASS">
          <reporter-output>
          </reporter-output>
        </test-method> <!-- SL_Users -->
      </class> <!-- product.SL_Credentials_Verification -->
    </test> <!-- CredentialsVerificationTest -->
    <test started-at="2022-11-18T06:14:56 IST" name="ErrorValidationTest" finished-at="2022-11-18T06:15:21 IST" duration-ms="24614">
      <class name="product.SL_ErrorValidations">
        <test-method signature="SL_Password_Missing()[pri:0, instance:product.SL_ErrorValidations@55493582]" started-at="2022-11-18T06:14:56 IST" name="SL_Password_Missing" finished-at="2022-11-18T06:14:59 IST" duration-ms="2565" status="PASS">
          <reporter-output>
          </reporter-output>
        </test-method> <!-- SL_Password_Missing -->
        <test-method signature="SL_Username_MIssing()[pri:0, instance:product.SL_ErrorValidations@55493582]" started-at="2022-11-18T06:14:59 IST" name="SL_Username_MIssing" finished-at="2022-11-18T06:15:18 IST" duration-ms="19414" status="PASS">
          <reporter-output>
          </reporter-output>
        </test-method> <!-- SL_Username_MIssing -->
        <test-method signature="SL_Wrong_Credentials()[pri:0, instance:product.SL_ErrorValidations@55493582]" started-at="2022-11-18T06:15:18 IST" name="SL_Wrong_Credentials" finished-at="2022-11-18T06:15:21 IST" duration-ms="2622" status="PASS">
          <reporter-output>
          </reporter-output>
        </test-method> <!-- SL_Wrong_Credentials -->
      </class> <!-- product.SL_ErrorValidations -->
    </test> <!-- ErrorValidationTest -->
  </suite> <!-- SauceLab -->
</testng-results>
