<?xml version="1.0" encoding="UTF-8"?>
<!-- Generated by org.testng.reporters.JUnitXMLReporter -->
<testsuite ignored="0" hostname="Pavan_Laptop" failures="0" tests="3" name="ErrorValidationTest" time="24.614" errors="0" timestamp="2022-11-18T06:15:21 IST">
  <testcase classname="product.SL_ErrorValidations" name="SL_Password_Missing" time="2.565"/>
  <testcase classname="product.SL_ErrorValidations" name="SL_Username_MIssing" time="19.414"/>
  <testcase classname="product.SL_ErrorValidations" name="SL_Wrong_Credentials" time="2.622"/>
</testsuite> <!-- ErrorValidationTest -->
